{
  "stats": {
    "suites": 1,
    "tests": 2,
    "passes": 2,
    "pending": 0,
    "failures": 0,
    "start": "2022-04-05T14:14:55.618Z",
    "end": "2022-04-05T14:15:01.058Z",
    "duration": 5440,
    "testsRegistered": 2,
    "passPercent": 100,
    "pendingPercent": 0,
    "other": 0,
    "hasOther": false,
    "skipped": 0,
    "hasSkipped": false
  },
  "results": [
    {
      "uuid": "4ab80a6e-c3c1-4b78-a5a2-c82add4c0ca4",
      "title": "",
      "fullFile": "cypress/integration/getPhones.feature",
      "file": "cypress/integration/getPhones.feature",
      "beforeHooks": [],
      "afterHooks": [],
      "tests": [],
      "suites": [
        {
          "uuid": "107c10ec-9519-46ee-a723-3a7472de5e67",
          "title": "Testing phone catalog",
          "fullFile": "",
          "file": "",
          "beforeHooks": [],
          "afterHooks": [],
          "tests": [
            {
              "title": "As a user I can see the list of phones",
              "fullTitle": "Testing phone catalog As a user I can see the list of phones",
              "timedOut": null,
              "duration": 2341,
              "state": "passed",
              "speed": "fast",
              "pass": true,
              "fail": false,
              "pending": false,
              "context": null,
              "code": "const state = window.testState;\nreturn cy\n  .then(() => state.onStartScenario(scenario, indexedSteps))\n  .then(() =>\n    resolveAndRunBeforeHooks.call(this, scenario.tags, state.feature.name)\n  )\n  .then(() =>\n    indexedSteps.forEach((step) =>\n      stepTest.call(this, state, step, rowData)\n    )\n  )\n  .then(() => state.onFinishScenario(scenario));",
              "err": {},
              "uuid": "3661ce00-11bf-47b0-a4fe-f6a8af4df34c",
              "parentUUID": "107c10ec-9519-46ee-a723-3a7472de5e67",
              "isHook": false,
              "skipped": false
            },
            {
              "title": "As a user I can mark as favorite a phone",
              "fullTitle": "Testing phone catalog As a user I can mark as favorite a phone",
              "timedOut": null,
              "duration": 871,
              "state": "passed",
              "speed": "fast",
              "pass": true,
              "fail": false,
              "pending": false,
              "context": null,
              "code": "const state = window.testState;\nreturn cy\n  .then(() => state.onStartScenario(scenario, indexedSteps))\n  .then(() =>\n    resolveAndRunBeforeHooks.call(this, scenario.tags, state.feature.name)\n  )\n  .then(() =>\n    indexedSteps.forEach((step) =>\n      stepTest.call(this, state, step, rowData)\n    )\n  )\n  .then(() => state.onFinishScenario(scenario));",
              "err": {},
              "uuid": "0a312c81-0eb3-41b0-9c1f-4fb4063f73c8",
              "parentUUID": "107c10ec-9519-46ee-a723-3a7472de5e67",
              "isHook": false,
              "skipped": false
            }
          ],
          "suites": [],
          "passes": [
            "3661ce00-11bf-47b0-a4fe-f6a8af4df34c",
            "0a312c81-0eb3-41b0-9c1f-4fb4063f73c8"
          ],
          "failures": [],
          "pending": [],
          "skipped": [],
          "duration": 3212,
          "root": false,
          "rootEmpty": false,
          "_timeout": 2000
        }
      ],
      "passes": [],
      "failures": [],
      "pending": [],
      "skipped": [],
      "duration": 0,
      "root": true,
      "rootEmpty": true,
      "_timeout": 2000
    }
  ],
  "meta": {
    "mocha": {
      "version": "7.0.1"
    },
    "mochawesome": {
      "options": {
        "quiet": false,
        "reportFilename": "mochawesome",
        "saveHtml": true,
        "saveJson": true,
        "consoleReporter": "spec",
        "useInlineDiffs": false,
        "code": true
      },
      "version": "7.1.3"
    },
    "marge": {
      "options": {},
      "version": "6.2.0"
    }
  }
}