{
  "stats": {
    "suites": 1,
    "tests": 1,
    "passes": 1,
    "pending": 0,
    "failures": 0,
    "start": "2022-04-03T22:27:54.379Z",
    "end": "2022-04-03T22:27:58.782Z",
    "duration": 4403,
    "testsRegistered": 1,
    "passPercent": 100,
    "pendingPercent": 0,
    "other": 0,
    "hasOther": false,
    "skipped": 0,
    "hasSkipped": false
  },
  "results": [
    {
      "uuid": "7a80e03c-b583-4209-80af-a76b1080cc4e",
      "title": "",
      "fullFile": "cypress/integration/getPhones.feature",
      "file": "cypress/integration/getPhones.feature",
      "beforeHooks": [],
      "afterHooks": [],
      "tests": [],
      "suites": [
        {
          "uuid": "096019f3-95d3-47c4-a454-64e8a1416a16",
          "title": "Smart Tagging",
          "fullFile": "",
          "file": "",
          "beforeHooks": [],
          "afterHooks": [],
          "tests": [
            {
              "title": "This scenario should not run if @focus is on another scenario",
              "fullTitle": "Smart Tagging This scenario should not run if @focus is on another scenario",
              "timedOut": null,
              "duration": 2223,
              "state": "passed",
              "speed": "fast",
              "pass": true,
              "fail": false,
              "pending": false,
              "context": null,
              "code": "const state = window.testState;\nreturn cy\n  .then(() => state.onStartScenario(scenario, indexedSteps))\n  .then(() =>\n    resolveAndRunBeforeHooks.call(this, scenario.tags, state.feature.name)\n  )\n  .then(() =>\n    indexedSteps.forEach((step) =>\n      stepTest.call(this, state, step, rowData)\n    )\n  )\n  .then(() => state.onFinishScenario(scenario));",
              "err": {},
              "uuid": "6f10dfb6-5151-405d-a233-ba0b01090ef2",
              "parentUUID": "096019f3-95d3-47c4-a454-64e8a1416a16",
              "isHook": false,
              "skipped": false
            }
          ],
          "suites": [],
          "passes": [
            "6f10dfb6-5151-405d-a233-ba0b01090ef2"
          ],
          "failures": [],
          "pending": [],
          "skipped": [],
          "duration": 2223,
          "root": false,
          "rootEmpty": false,
          "_timeout": 2000
        }
      ],
      "passes": [],
      "failures": [],
      "pending": [],
      "skipped": [],
      "duration": 0,
      "root": true,
      "rootEmpty": true,
      "_timeout": 2000
    }
  ],
  "meta": {
    "mocha": {
      "version": "7.0.1"
    },
    "mochawesome": {
      "options": {
        "quiet": false,
        "reportFilename": "mochawesome",
        "saveHtml": true,
        "saveJson": true,
        "consoleReporter": "spec",
        "useInlineDiffs": false,
        "code": true
      },
      "version": "7.1.3"
    },
    "marge": {
      "options": {},
      "version": "6.2.0"
    }
  }
}